<?xml version="1.0" encoding="UTF-8"?>
<!-- Generated by org.testng.reporters.JUnitXMLReporter -->
<testsuite hostname="LAPTOP-2VPF5FIB" ignored="0" name="Gurukula" tests="1" failures="1" timestamp="07 Aug 2019 21:19:28 GMT" time="11.061" errors="0">
  <testcase name="loginTest" time="4.33" classname="com.gurukula.testCases.TC_LoginTest_001">
    <failure type="java.lang.Error" message="Unresolved compilation problem: 
	txtUsername cannot be resolved
">
      <![CDATA[java.lang.Error: Unresolved compilation problem: 
txtUsername cannot be resolved

at com.gurukula.pageObjects.Loginpage.setUserName(Loginpage.java:36)
at com.gurukula.testCases.TC_LoginTest_001.loginTest(TC_LoginTest_001.java:21)
... Removed 25 stack frames]]>
    </failure>
  </testcase> <!-- loginTest -->
</testsuite> <!-- Gurukula -->
