<?xml version="1.0" encoding="UTF-8"?>
<testng-results skipped="0" failed="0" ignored="0" total="2" passed="2">
  <reporter-output>
  </reporter-output>
  <suite name="Default suite" duration-ms="18874" started-at="2019-08-16T00:34:16Z" finished-at="2019-08-16T00:34:34Z">
    <groups>
    </groups>
    <test name="Default test" duration-ms="18874" started-at="2019-08-16T00:34:16Z" finished-at="2019-08-16T00:34:34Z">
      <class name="com.gurukula.testCases.TC_003_CreateBranch">
        <test-method status="PASS" signature="setup()[pri:0, instance:com.gurukula.testCases.TC_003_CreateBranch@42e26948]" name="setup" is-config="true" duration-ms="7084" started-at="2019-08-16T00:34:16Z" finished-at="2019-08-16T00:34:23Z">
          <reporter-output>
          </reporter-output>
        </test-method> <!-- setup -->
        <test-method status="PASS" signature="CreateBranch(java.lang.String, java.lang.String)[pri:0, instance:com.gurukula.testCases.TC_003_CreateBranch@42e26948]" name="CreateBranch" duration-ms="5088" started-at="2019-08-16T00:34:24Z" data-provider="StaffDetails" finished-at="2019-08-16T00:34:29Z">
          <params>
            <param index="0">
              <value>
                <![CDATA[Amsterdam]]>
              </value>
            </param>
            <param index="1">
              <value>
                <![CDATA[11052011]]>
              </value>
            </param>
          </params>
          <reporter-output>
          </reporter-output>
        </test-method> <!-- CreateBranch -->
        <test-method status="PASS" signature="CreateBranch(java.lang.String, java.lang.String)[pri:0, instance:com.gurukula.testCases.TC_003_CreateBranch@42e26948]" name="CreateBranch" duration-ms="4275" started-at="2019-08-16T00:34:29Z" data-provider="StaffDetails" finished-at="2019-08-16T00:34:33Z">
          <params>
            <param index="0">
              <value>
                <![CDATA[Utrech]]>
              </value>
            </param>
            <param index="1">
              <value>
                <![CDATA[2423434]]>
              </value>
            </param>
          </params>
          <reporter-output>
          </reporter-output>
        </test-method> <!-- CreateBranch -->
        <test-method status="PASS" signature="tearDown()[pri:0, instance:com.gurukula.testCases.TC_003_CreateBranch@42e26948]" name="tearDown" is-config="true" duration-ms="1225" started-at="2019-08-16T00:34:33Z" finished-at="2019-08-16T00:34:34Z">
          <reporter-output>
          </reporter-output>
        </test-method> <!-- tearDown -->
      </class> <!-- com.gurukula.testCases.TC_003_CreateBranch -->
    </test> <!-- Default test -->
  </suite> <!-- Default suite -->
</testng-results>
