<?xml version="1.0" encoding="UTF-8"?>
<testng-results skipped="0" failed="0" ignored="0" total="1" passed="1">
  <reporter-output>
  </reporter-output>
  <suite name="Default suite" duration-ms="10284" started-at="2019-08-18T20:33:20Z" finished-at="2019-08-18T20:33:30Z">
    <groups>
    </groups>
    <test name="Default test" duration-ms="10284" started-at="2019-08-18T20:33:20Z" finished-at="2019-08-18T20:33:30Z">
      <class name="com.gurukula.testCases.TC_007_DeleteBranch">
        <test-method status="PASS" signature="setup()[pri:0, instance:com.gurukula.testCases.TC_007_DeleteBranch@39c0f4a]" name="setup" is-config="true" duration-ms="7001" started-at="2019-08-18T20:33:20Z" finished-at="2019-08-18T20:33:27Z">
          <reporter-output>
          </reporter-output>
        </test-method> <!-- setup -->
        <test-method status="PASS" signature="DeleteBranch()[pri:0, instance:com.gurukula.testCases.TC_007_DeleteBranch@39c0f4a]" name="DeleteBranch" duration-ms="2068" started-at="2019-08-18T20:33:27Z" finished-at="2019-08-18T20:33:29Z">
          <reporter-output>
          </reporter-output>
        </test-method> <!-- DeleteBranch -->
        <test-method status="PASS" signature="tearDown()[pri:0, instance:com.gurukula.testCases.TC_007_DeleteBranch@39c0f4a]" name="tearDown" is-config="true" duration-ms="1182" started-at="2019-08-18T20:33:29Z" finished-at="2019-08-18T20:33:30Z">
          <reporter-output>
          </reporter-output>
        </test-method> <!-- tearDown -->
      </class> <!-- com.gurukula.testCases.TC_007_DeleteBranch -->
    </test> <!-- Default test -->
  </suite> <!-- Default suite -->
</testng-results>
